<?xml version="1.0" encoding="UTF-8"?>
<!-- Generated by org.testng.reporters.JUnitXMLReporter -->
<testsuite ignored="0" hostname="aloisio" failures="0" tests="2" name="Surefire test" time="0.394" errors="0" timestamp="01 mar 2020 22:52:43 GMT">
  <testcase classname="guru.springframework.JUnit4Test" name="dummyTest on dummyTest(guru.springframework.JUnit4Test)" time="0.011"/>
  <testcase classname="guru.springframework.JavaHelloWorldSpecTest" name="GetHello on GetHello(guru.springframework.JavaHelloWorldSpecTest)" time="0.27"/>
</testsuite> <!-- Surefire test -->
